   0.002 2026-07-15 09:33:07; Factorio 0.12.35 (Build 18124, win64, alpha)
   0.002 Operating system: Windows 10 
   0.003 Program arguments: "D:\Programs\Factorio\0.12\bin\x64\Factorio.exe" "--config" "C:\Projects\Factorio\more-infinite-research-rebuild-0.12\.mir\evidence\0.12.0-runtime\factorio-config.ini" "--start-server" "fresh-create" 
   0.003 Read data path: D:/Programs/Factorio/0.12/data
   0.003 Write data path: C:/Projects/Factorio/more-infinite-research-rebuild-0.12/.mir/evidence/0.12.0-runtime/user
   0.004 Binaries path: D:/Programs/Factorio/0.12/bin
   0.019 Running in headless mode
   0.023 Loading mod core 0.0.0 (data.lua)
   0.026 Loading mod base 0.12.35 (data.lua)
   0.085 Loading mod more-infinite-research 0.12.0 (data.lua)
   0.121 Checksum for core: 3711505753
   0.122 Checksum for mod base: 2829195351
   0.122 Checksum for mod more-infinite-research: 2229290403
   0.419 Factorio initialised
   0.420 Info Router.cpp:509: Router peerID(65535) shutting down.
   0.422 Info Router.cpp:536: Router state -> Disconnected
   0.422 Info MultiplayerManager.cpp:913: networkTick(0) mapTick(-1) changing state from(Ready) to(PreparedToHostGame)
   0.423 Info MultiplayerManager.cpp:913: networkTick(0) mapTick(-1) changing state from(PreparedToHostGame) to(CreatingGame)
   0.423 Loading map C:/Projects\Factorio\more-infinite-research-rebuild-0.12\.mir\evidence\0.12.0-runtime\user\saves\fresh-create.zip
   0.492 Info Scenario.cpp:124: Map version 0.12.35-0
   0.535 Checksum for script C:/Projects/Factorio/more-infinite-research-rebuild-0.12/.mir/evidence/0.12.0-runtime/user/temp/currently-playing/control.lua: 393467729
   0.540 Info MultiplayerManager.cpp:282: 0000024C9A70F040, 0000000000000000
   0.540 Info WindowsUDPSocket.cpp:73: Opening socket at port (34197)
   0.541 Info Router.cpp:536: Router state -> Connected
   0.541 Info Synchronizer.cpp:54: NetworkTick(0) initialized Synchronizer local peer(0) latency(6).
   0.542 Hosting game at port 34197, peerID 0, session magic 1497
   0.542 Info MultiplayerManager.cpp:304: 0000024C9A70F040, 0000024C9A70F040
   0.542 Info MultiplayerManager.cpp:913: networkTick(0) mapTick(0) changing state from(CreatingGame) to(InGame)
   0.542 Info NetworkInputHandler.cpp:45: mapTick(0) networkTick(0) initialized NetworkInputHandler local peer(0).
