   0.002 2026-07-15 02:29:40; Factorio 1.0.0 (build 54889, win64, alpha)
   0.002 Operating system: Windows 10 (build 19045) 
   0.002 Program arguments: "D:\Programs\Factorio\1.0\bin\x64\factorio.exe" "--config" "C:\Users\Jules\AppData\Local\Temp\mir-fresh-reload-1.8.2-b7b47fbd92d44999b4a123bef6c64058\config.ini" "--no-log-rotation" "--disable-audio" "--mod-directory" "C:\Users\Jules\AppData\Local\Temp\mir-fresh-reload-1.8.2-b7b47fbd92d44999b4a123bef6c64058\mods" "--benchmark" "C:\Users\Jules\AppData\Local\Temp\mir-fresh-reload-1.8.2-b7b47fbd92d44999b4a123bef6c64058\fresh-save.zip" "--benchmark-ticks" "1" "--benchmark-runs" "1" "--benchmark-sanitize" 
   0.002 Read data path: D:/Programs/Factorio/1.0/data
   0.002 Write data path: C:/Users/Jules/AppData/Local/Temp/mir-fresh-reload-1.8.2-b7b47fbd92d44999b4a123bef6c64058/userdata [15007/450559MB]
   0.002 Binaries path: D:/Programs/Factorio/1.0/bin
   0.010 System info: [CPU: Intel(R) Core(TM) i7-7700HQ CPU @ 2.80GHz, 8 cores, RAM: 10752/16257 MB, page: 18491/22758 MB, virtual: 4251/134217727 MB, extended virtual: 0 MB]
   0.010 Running in headless mode
   0.016 Loading mod settings more-infinite-research 1.8.2 (settings.lua)
   0.032 Loading mod core 0.0.0 (data.lua)
   0.092 Loading mod base 1.0.0 (data.lua)
   0.446 Loading mod more-infinite-research 1.8.2 (data.lua)
   0.660 Loading mod base 1.0.0 (data-updates.lua)
   0.871 Loading mod more-infinite-research 1.8.2 (data-updates.lua)
   1.048 Loading mod more-infinite-research 1.8.2 (data-final-fixes.lua)
   1.766 Checksum for core: 2630831588
   1.766 Checksum of base: 3509992273
   1.766 Checksum of more-infinite-research: 3626272501
   2.024 Prototype list checksum: 1813463279
   2.110 Info PlayerData.cpp:68: Local player-data.json available, timestamp 1784046580
   2.110 Info PlayerData.cpp:75: Cloud player-data.json unavailable
   2.111 Info GlobalContext.cpp:1269: Resetting config.
   2.112 Factorio initialised
   2.113 Loading map C:\Users\Jules\AppData\Local\Temp\mir-fresh-reload-1.8.2-b7b47fbd92d44999b4a123bef6c64058\fresh-save.zip: 675441 bytes.
   2.231 Loading level.dat: 1161991 bytes.
   2.236 Info Scenario.cpp:187: Map version 1.0.0-0
   2.255 Loading script.dat: 456 bytes.
   2.260 Checksum for script C:/Users/Jules/AppData/Local/Temp/mir-fresh-reload-1.8.2-b7b47fbd92d44999b4a123bef6c64058/userdata/temp/currently-playing/control.lua: 3931528263
   2.262 Checksum for script __more-infinite-research__/control.lua: 1205417844
   2.349 Goodbye
