   0.001 2026-07-15 02:43:19; Factorio 1.0.0 (build 54889, win64, alpha)
   0.001 Operating system: Windows 10 (build 19045) 
   0.001 Not rotating logs.
   0.002 Program arguments: "D:\Programs\Factorio\1.0\bin\x64\factorio.exe" "--config" "C:\Users\Jules\AppData\Local\Temp\mir-fresh-reload-1.8.2-55908504874e4a2aa67450d52916bdc6\config.ini" "--no-log-rotation" "--disable-audio" "--mod-directory" "C:\Users\Jules\AppData\Local\Temp\mir-fresh-reload-1.8.2-55908504874e4a2aa67450d52916bdc6\mods" "--create" "C:\Users\Jules\AppData\Local\Temp\mir-fresh-reload-1.8.2-55908504874e4a2aa67450d52916bdc6\fresh-save.zip" 
   0.002 Read data path: D:/Programs/Factorio/1.0/data
   0.002 Write data path: C:/Users/Jules/AppData/Local/Temp/mir-fresh-reload-1.8.2-55908504874e4a2aa67450d52916bdc6/userdata [14937/450559MB]
   0.002 Binaries path: D:/Programs/Factorio/1.0/bin
   0.009 System info: [CPU: Intel(R) Core(TM) i7-7700HQ CPU @ 2.80GHz, 8 cores, RAM: 11041/16257 MB, page: 18713/22758 MB, virtual: 4251/134217727 MB, extended virtual: 0 MB]
   0.010 Running in headless mode
   0.029 Loading mod settings more-infinite-research 1.8.2 (settings.lua)
   0.047 Loading mod core 0.0.0 (data.lua)
   0.108 Loading mod base 1.0.0 (data.lua)
   0.472 Loading mod more-infinite-research 1.8.2 (data.lua)
   0.657 Loading mod base 1.0.0 (data-updates.lua)
   0.891 Loading mod more-infinite-research 1.8.2 (data-updates.lua)
   1.066 Loading mod more-infinite-research 1.8.2 (data-final-fixes.lua)
   1.747 Checksum for core: 2630831588
   1.748 Checksum of base: 3509992273
   1.748 Checksum of more-infinite-research: 3626272501
   1.998 Prototype list checksum: 1813463279
   2.084 Info PlayerData.cpp:70: Local player-data.json unavailable
   2.084 Info PlayerData.cpp:75: Cloud player-data.json unavailable
   2.085 Info GlobalContext.cpp:1269: Resetting config.
   2.086 Factorio initialised
   2.087 Info Main.cpp:724: Creating new map C:\Users\Jules\AppData\Local\Temp\mir-fresh-reload-1.8.2-55908504874e4a2aa67450d52916bdc6\fresh-save.zip
   2.882 Loading level.dat: 1114101 bytes.
   2.882 Info Scenario.cpp:187: Map version 1.0.0-0
   2.914 Checksum for script C:/Users/Jules/AppData/Local/Temp/mir-fresh-reload-1.8.2-55908504874e4a2aa67450d52916bdc6/userdata/temp/currently-playing/control.lua: 3931528263
   2.917 Checksum for script __more-infinite-research__/control.lua: 1205417844
   3.158 Goodbye
