   0.002 2026-07-14 07:09:49; Factorio 0.12.35 (Build 18124, win64, alpha)
   0.002 Operating system: Windows 10 
   0.002 Program arguments: "D:\Programs\Factorio\0.12\bin\x64\Factorio.exe" "--config" "C:\Projects\Factorio\more-infinite-research-museum-0.12\build\qualification\0.12.0\factorio-config.ini" "--start-server" "fresh-create" 
   0.003 Read data path: D:/Programs/Factorio/0.12/data
   0.003 Write data path: C:/Projects/Factorio/more-infinite-research-museum-0.12/build/qualification/0.12.0/user
   0.004 Binaries path: D:/Programs/Factorio/0.12/bin
   0.018 Running in headless mode
   0.021 Loading mod core 0.0.0 (data.lua)
   0.024 Loading mod base 0.12.35 (data.lua)
   0.086 Loading mod more-infinite-research 0.12.0 (data.lua)
   0.122 Checksum for core: 3711505753
   0.123 Checksum for mod base: 2829195351
   0.123 Checksum for mod more-infinite-research: 2229290403
   0.421 Factorio initialised
   0.422 Info Router.cpp:509: Router peerID(65535) shutting down.
   0.423 Info Router.cpp:536: Router state -> Disconnected
   0.423 Info MultiplayerManager.cpp:913: networkTick(0) mapTick(-1) changing state from(Ready) to(PreparedToHostGame)
   0.423 Info MultiplayerManager.cpp:913: networkTick(0) mapTick(-1) changing state from(PreparedToHostGame) to(CreatingGame)
   0.424 Loading map C:/Projects\Factorio\more-infinite-research-museum-0.12\build\qualification\0.12.0\user\saves\fresh-create.zip
   0.465 Info Scenario.cpp:124: Map version 0.12.35-0
   0.493 Checksum for script C:/Projects/Factorio/more-infinite-research-museum-0.12/build/qualification/0.12.0/user/temp/currently-playing/control.lua: 393467729
   0.512 Info MultiplayerManager.cpp:282: 00000120A1E89A90, 0000000000000000
   0.513 Info WindowsUDPSocket.cpp:73: Opening socket at port (34197)
   0.513 Info Router.cpp:536: Router state -> Connected
   0.514 Info Synchronizer.cpp:54: NetworkTick(0) initialized Synchronizer local peer(0) latency(6).
   0.514 Hosting game at port 34197, peerID 0, session magic 1906
   0.515 Info MultiplayerManager.cpp:304: 00000120A1E89A90, 00000120A1E89A90
   0.515 Info MultiplayerManager.cpp:913: networkTick(0) mapTick(0) changing state from(CreatingGame) to(InGame)
   0.516 Info NetworkInputHandler.cpp:45: mapTick(0) networkTick(0) initialized NetworkInputHandler local peer(0).
   0.633 Info MultiplayerManager.cpp:1434: Received peer info for peer(0) username(<server>).
   0.634 Info MultiplayerManager.cpp:1060: networkTick(6) mapTick(0) received stateChanged peerID(0) oldState(Ready) newState(CreatingGame)
   0.634 Info MultiplayerManager.cpp:1060: networkTick(6) mapTick(0) received stateChanged peerID(0) oldState(CreatingGame) newState(InGame)
