   0.002 2026-07-15 02:43:20; Factorio 1.1.110 (build 62357, win64, full)
   0.002 Operating system: Windows 10 (build 19045) 
   0.002 Program arguments: "D:\Programs\Factorio\1.1\bin\x64\factorio.exe" "--config" "C:\Users\Jules\AppData\Local\Temp\mir-fresh-reload-1.9.4-9d3ae83f40cf4d089c600c78a96ad955\config.ini" "--no-log-rotation" "--disable-audio" "--mod-directory" "C:\Users\Jules\AppData\Local\Temp\mir-fresh-reload-1.9.4-9d3ae83f40cf4d089c600c78a96ad955\mods" "--benchmark" "C:\Users\Jules\AppData\Local\Temp\mir-fresh-reload-1.9.4-9d3ae83f40cf4d089c600c78a96ad955\fresh-save.zip" "--benchmark-ticks" "1" "--benchmark-runs" "1" "--benchmark-sanitize" 
   0.002 Config path: C:/Users/Jules/AppData/Local/Temp/mir-fresh-reload-1.9.4-9d3ae83f40cf4d089c600c78a96ad955/config.ini
   0.003 Read data path: D:/Programs/Factorio/1.1/data
   0.003 Write data path: C:/Users/Jules/AppData/Local/Temp/mir-fresh-reload-1.9.4-9d3ae83f40cf4d089c600c78a96ad955/userdata [14942/450559MB]
   0.003 Binaries path: D:/Programs/Factorio/1.1/bin
   0.012 System info: [CPU: Intel(R) Core(TM) i7-7700HQ CPU @ 2.80GHz, 8 cores, RAM: 11008/16257 MB, page: 18664/22758 MB, virtual: 4257/134217727 MB, extended virtual: 0 MB]
   0.030 Memory info:
   0.030  [0]: 066D TN48G24S817-VHA/R 8192 MB 2400 MHz 1.2 v
   0.030  [1]: 066D TN48G24S817-VHA/R 8192 MB 2400 MHz 1.2 v
   0.031 Running in headless mode
   0.039 Loading mod settings more-infinite-research 1.9.4 (settings.lua)
   0.057 Loading mod core 0.0.0 (data.lua)
   0.093 Loading mod base 1.1.110 (data.lua)
   0.387 Loading mod more-infinite-research 1.9.4 (data.lua)
   0.409 Loading mod base 1.1.110 (data-updates.lua)
   0.423 Loading mod more-infinite-research 1.9.4 (data-updates.lua)
   0.436 Loading mod more-infinite-research 1.9.4 (data-final-fixes.lua)
   1.108 Checksum for core: 607699937
   1.108 Checksum of base: 2464433227
   1.108 Checksum of more-infinite-research: 3495744171
   1.305 Prototype list checksum: 1221069375
   1.382 Info PlayerData.cpp:76: Local player-data.json available, timestamp 1784047400
   1.382 Info PlayerData.cpp:83: Cloud player-data.json unavailable
   1.383 Info GlobalContext.cpp:1317: Resetting config.
   1.383 Factorio initialised
   1.384 Loading map C:\Users\Jules\AppData\Local\Temp\mir-fresh-reload-1.9.4-9d3ae83f40cf4d089c600c78a96ad955\fresh-save.zip: 604903 bytes.
   1.520 Loading level.dat: 1037013 bytes.
   1.526 Info Scenario.cpp:204: Map version 1.1.110-0
   1.548 Loading script.dat: 1211 bytes.
   1.554 Checksum for script C:/Users/Jules/AppData/Local/Temp/mir-fresh-reload-1.9.4-9d3ae83f40cf4d089c600c78a96ad955/userdata/temp/currently-playing/control.lua: 3702463597
   1.556 Checksum for script __more-infinite-research__/control.lua: 2309990842
   1.641 Goodbye
