   0.002 2026-07-15 02:29:41; Factorio 1.1.110 (build 62357, win64, full)
   0.002 Operating system: Windows 10 (build 19045) 
   0.002 Program arguments: "D:\Programs\Factorio\1.1\bin\x64\factorio.exe" "--config" "C:\Users\Jules\AppData\Local\Temp\mir-fresh-reload-1.9.4-0438f41a87ea4bd1b75c2e2b8d3a462a\config.ini" "--no-log-rotation" "--disable-audio" "--mod-directory" "C:\Users\Jules\AppData\Local\Temp\mir-fresh-reload-1.9.4-0438f41a87ea4bd1b75c2e2b8d3a462a\mods" "--benchmark" "C:\Users\Jules\AppData\Local\Temp\mir-fresh-reload-1.9.4-0438f41a87ea4bd1b75c2e2b8d3a462a\fresh-save.zip" "--benchmark-ticks" "1" "--benchmark-runs" "1" "--benchmark-sanitize" 
   0.002 Config path: C:/Users/Jules/AppData/Local/Temp/mir-fresh-reload-1.9.4-0438f41a87ea4bd1b75c2e2b8d3a462a/config.ini
   0.003 Read data path: D:/Programs/Factorio/1.1/data
   0.003 Write data path: C:/Users/Jules/AppData/Local/Temp/mir-fresh-reload-1.9.4-0438f41a87ea4bd1b75c2e2b8d3a462a/userdata [15006/450559MB]
   0.003 Binaries path: D:/Programs/Factorio/1.1/bin
   0.011 System info: [CPU: Intel(R) Core(TM) i7-7700HQ CPU @ 2.80GHz, 8 cores, RAM: 10767/16257 MB, page: 18512/22758 MB, virtual: 4257/134217727 MB, extended virtual: 0 MB]
   0.028 Memory info:
   0.028  [0]: 066D TN48G24S817-VHA/R 8192 MB 2400 MHz 1.2 v
   0.028  [1]: 066D TN48G24S817-VHA/R 8192 MB 2400 MHz 1.2 v
   0.029 Running in headless mode
   0.036 Loading mod settings more-infinite-research 1.9.4 (settings.lua)
   0.053 Loading mod core 0.0.0 (data.lua)
   0.084 Loading mod base 1.1.110 (data.lua)
   0.322 Loading mod more-infinite-research 1.9.4 (data.lua)
   0.343 Loading mod base 1.1.110 (data-updates.lua)
   0.355 Loading mod more-infinite-research 1.9.4 (data-updates.lua)
   0.370 Loading mod more-infinite-research 1.9.4 (data-final-fixes.lua)
   1.181 Checksum for core: 607699937
   1.181 Checksum of base: 2464433227
   1.181 Checksum of more-infinite-research: 3495744171
   1.396 Prototype list checksum: 1221069375
   1.480 Info PlayerData.cpp:76: Local player-data.json available, timestamp 1784046581
   1.480 Info PlayerData.cpp:83: Cloud player-data.json unavailable
   1.482 Info GlobalContext.cpp:1317: Resetting config.
   1.482 Factorio initialised
   1.483 Loading map C:\Users\Jules\AppData\Local\Temp\mir-fresh-reload-1.9.4-0438f41a87ea4bd1b75c2e2b8d3a462a\fresh-save.zip: 601565 bytes.
   1.611 Loading level.dat: 1031427 bytes.
   1.615 Info Scenario.cpp:204: Map version 1.1.110-0
   1.630 Loading script.dat: 1211 bytes.
   1.634 Checksum for script C:/Users/Jules/AppData/Local/Temp/mir-fresh-reload-1.9.4-0438f41a87ea4bd1b75c2e2b8d3a462a/userdata/temp/currently-playing/control.lua: 3702463597
   1.636 Checksum for script __more-infinite-research__/control.lua: 2309990842
   1.716 Goodbye
