   0.001 2026-07-15 02:43:17; Factorio 1.1.110 (build 62357, win64, full)
   0.002 Operating system: Windows 10 (build 19045) 
   0.002 Not rotating logs.
   0.002 Program arguments: "D:\Programs\Factorio\1.1\bin\x64\factorio.exe" "--config" "C:\Users\Jules\AppData\Local\Temp\mir-fresh-reload-1.9.4-9d3ae83f40cf4d089c600c78a96ad955\config.ini" "--no-log-rotation" "--disable-audio" "--mod-directory" "C:\Users\Jules\AppData\Local\Temp\mir-fresh-reload-1.9.4-9d3ae83f40cf4d089c600c78a96ad955\mods" "--create" "C:\Users\Jules\AppData\Local\Temp\mir-fresh-reload-1.9.4-9d3ae83f40cf4d089c600c78a96ad955\fresh-save.zip" 
   0.003 Config path: C:/Users/Jules/AppData/Local/Temp/mir-fresh-reload-1.9.4-9d3ae83f40cf4d089c600c78a96ad955/config.ini
   0.003 Read data path: D:/Programs/Factorio/1.1/data
   0.003 Write data path: C:/Users/Jules/AppData/Local/Temp/mir-fresh-reload-1.9.4-9d3ae83f40cf4d089c600c78a96ad955/userdata [14943/450559MB]
   0.004 Binaries path: D:/Programs/Factorio/1.1/bin
   0.012 System info: [CPU: Intel(R) Core(TM) i7-7700HQ CPU @ 2.80GHz, 8 cores, RAM: 10907/16257 MB, page: 18589/22758 MB, virtual: 4257/134217727 MB, extended virtual: 0 MB]
   0.031 Memory info:
   0.031  [0]: 066D TN48G24S817-VHA/R 8192 MB 2400 MHz 1.2 v
   0.031  [1]: 066D TN48G24S817-VHA/R 8192 MB 2400 MHz 1.2 v
   0.032 Running in headless mode
   0.053 Loading mod settings more-infinite-research 1.9.4 (settings.lua)
   0.069 Loading mod core 0.0.0 (data.lua)
   0.097 Loading mod base 1.1.110 (data.lua)
   0.315 Loading mod more-infinite-research 1.9.4 (data.lua)
   0.331 Loading mod base 1.1.110 (data-updates.lua)
   0.343 Loading mod more-infinite-research 1.9.4 (data-updates.lua)
   0.354 Loading mod more-infinite-research 1.9.4 (data-final-fixes.lua)
   1.046 Checksum for core: 607699937
   1.046 Checksum of base: 2464433227
   1.046 Checksum of more-infinite-research: 3495744171
   1.266 Prototype list checksum: 1221069375
   1.347 Info PlayerData.cpp:78: Local player-data.json unavailable
   1.347 Info PlayerData.cpp:83: Cloud player-data.json unavailable
   1.349 Info GlobalContext.cpp:1317: Resetting config.
   1.350 Factorio initialised
   1.350 Info Main.cpp:787: Creating new map C:\Users\Jules\AppData\Local\Temp\mir-fresh-reload-1.9.4-9d3ae83f40cf4d089c600c78a96ad955\fresh-save.zip
   2.165 Loading level.dat: 1036962 bytes.
   2.166 Info Scenario.cpp:204: Map version 1.1.110-0
   2.210 Checksum for script C:/Users/Jules/AppData/Local/Temp/mir-fresh-reload-1.9.4-9d3ae83f40cf4d089c600c78a96ad955/userdata/temp/currently-playing/control.lua: 3702463597
   2.213 Checksum for script __more-infinite-research__/control.lua: 2309990842
   2.496 Goodbye
