   0.002 2026-07-14 07:00:27; Factorio 0.12.35 (Build 18124, win64, alpha)
   0.002 Operating system: Windows 10 
   0.002 Program arguments: "D:\Programs\Factorio\0.12\bin\x64\Factorio.exe" "--config" "C:\Projects\Factorio\more-infinite-research-museum-wave\build\museum-runtime\0.12\20260714-070021-zip\factorio-config.ini" "--start-server" "fresh-create" 
   0.003 Read data path: D:/Programs/Factorio/0.12/data
   0.003 Write data path: C:/Projects/Factorio/more-infinite-research-museum-wave/build/museum-runtime/0.12/20260714-070021-zip/user
   0.004 Binaries path: D:/Programs/Factorio/0.12/bin
   0.018 Running in headless mode
   0.022 Loading mod core 0.0.0 (data.lua)
   0.025 Loading mod base 0.12.35 (data.lua)
   0.087 Loading mod more-infinite-research 0.12.0 (data.lua)
   0.123 Checksum for core: 3711505753
   0.123 Checksum for mod base: 2829195351
   0.123 Checksum for mod more-infinite-research: 2229290403
   0.364 Factorio initialised
   0.365 Info Router.cpp:509: Router peerID(65535) shutting down.
   0.366 Info Router.cpp:536: Router state -> Disconnected
   0.366 Info MultiplayerManager.cpp:913: networkTick(0) mapTick(-1) changing state from(Ready) to(PreparedToHostGame)
   0.367 Info MultiplayerManager.cpp:913: networkTick(0) mapTick(-1) changing state from(PreparedToHostGame) to(CreatingGame)
   0.367 Loading map C:/Projects\Factorio\more-infinite-research-museum-wave\build\museum-runtime\0.12\20260714-070021-zip\user\saves\fresh-create.zip
   0.432 Info Scenario.cpp:124: Map version 0.12.35-0
