   0.001 2026-07-13 09:26:32; Factorio 0.13.20 (build 24011, win64, alpha)
   0.001 Operating system: Windows 10
   0.001 Not rotating logs.
   0.002 Program arguments: "D:\Programs\Factorio\0.13\bin\x64\factorio.exe" "--config" "C:\Projects\Factorio\more-infinite-research-tmp-0.13\artifacts\old-wave\1.3.0\config-reload.ini" "--no-log-rotation" "--mod-directory" "C:\Projects\Factorio\more-infinite-research-tmp-0.13\artifacts\old-wave\1.3.0\mods" "--start-server" "C:\Projects\Factorio\more-infinite-research-tmp-0.13\artifacts\old-wave\1.3.0\fresh-1.3.0.zip"
   0.002 Read data path: D:/Programs/Factorio/0.13/data
   0.002 Write data path: C:/Projects/Factorio/more-infinite-research-tmp-0.13/artifacts/old-wave/1.3.0/user-reload
   0.002 Binaries path: D:/Programs/Factorio/0.13/bin
   0.016 Running in headless mode
   0.023 Loading mod core 0.0.0 (data.lua)
   0.028 Loading mod base 0.13.20 (data.lua)
   0.145 Loading mod more-infinite-research 1.3.0 (data.lua)
   0.213 Loading mod more-infinite-research 1.3.0 (data-updates.lua)
   0.271 Loading mod more-infinite-research 1.3.0 (data-final-fixes.lua)
   0.289 Script stream_compiler.lua:117: [more-infinite-research] Skipping stream research_cannon_shooting_speed because missing required technology weapon-shooting-speed-5.
   0.289 Script direct_effects.lua:15: [more-infinite-research] Skipping unsupported technology effect for research_character_crafting_speed: character-crafting-speed
   0.289 Script stream_compiler.lua:134: [more-infinite-research] Skipping stream research_character_crafting_speed because no available direct effects remain.
   0.289 Script direct_effects.lua:15: [more-infinite-research] Skipping unsupported technology effect for research_character_mining_speed: character-mining-speed
   0.290 Script stream_compiler.lua:134: [more-infinite-research] Skipping stream research_character_mining_speed because no available direct effects remain.
   0.290 Script direct_effects.lua:15: [more-infinite-research] Skipping unsupported technology effect for research_character_reach: character-reach-distance
   0.290 Script direct_effects.lua:15: [more-infinite-research] Skipping unsupported technology effect for research_character_reach: character-build-distance
   0.290 Script direct_effects.lua:15: [more-infinite-research] Skipping unsupported technology effect for research_character_reach: character-resource-reach-distance
   0.290 Script direct_effects.lua:15: [more-infinite-research] Skipping unsupported technology effect for research_character_reach: character-item-drop-distance
   0.290 Script stream_compiler.lua:134: [more-infinite-research] Skipping stream research_character_reach because no available direct effects remain.
   0.291 Script direct_effects.lua:15: [more-infinite-research] Skipping unsupported technology effect for research_character_walking_speed: character-running-speed
   0.291 Script stream_compiler.lua:134: [more-infinite-research] Skipping stream research_character_walking_speed because no available direct effects remain.
   0.292 Script stream_compiler.lua:117: [more-infinite-research] Skipping stream research_flamethrower_shooting_speed because missing required technology flamethrower.
   0.292 Script direct_effects.lua:15: [more-infinite-research] Skipping unsupported technology effect for research_inventory_capacity: character-inventory-slots-bonus
   0.292 Script direct_effects.lua:15: [more-infinite-research] Skipping unsupported technology effect for research_inventory_capacity: character-logistic-trash-slots
   0.292 Script stream_compiler.lua:134: [more-infinite-research] Skipping stream research_inventory_capacity because no available direct effects remain.
   0.293 Script direct_effects.lua:15: [more-infinite-research] Skipping unsupported technology effect for research_lab_productivity: laboratory-productivity
   0.293 Script stream_compiler.lua:134: [more-infinite-research] Skipping stream research_lab_productivity because no available direct effects remain.
   0.293 Script direct_effects.lua:15: [more-infinite-research] Skipping unsupported technology effect for research_robot_battery: worker-robot-battery
   0.293 Script stream_compiler.lua:134: [more-infinite-research] Skipping stream research_robot_battery because no available direct effects remain.
   0.352 Checksum for core: 303426634
   0.352 Checksum for mod base: 1460151764
   0.352 Checksum for mod more-infinite-research: 1665636460
   0.660 Info PlayerData.cpp:47: Local player-data.json unavailable
   0.661 Info PlayerData.cpp:52: Cloud player-data.json unavailable
   0.666 Custom inputs active: 0
   0.669 Factorio initialised
   0.670 Info Router.cpp:558: Router peerID(65535) shutting down.
   0.670 Info Router.cpp:594: Router state -> Disconnected
   0.707 Info MultiplayerManager.cpp:1000: networkTick(0) mapTick(-1) changing state from(Ready) to(PreparedToHostGame)
   0.707 Info MultiplayerManager.cpp:1000: networkTick(0) mapTick(-1) changing state from(PreparedToHostGame) to(CreatingGame)
   0.708 Loading map C:\Projects\Factorio\more-infinite-research-tmp-0.13\artifacts\old-wave\1.3.0\fresh-1.3.0.zip
   0.770 Info Scenario.cpp:127: Map version 0.13.20-0
   0.842 Checksum for script C:/Projects/Factorio/more-infinite-research-tmp-0.13/artifacts/old-wave/1.3.0/user-reload/temp/currently-playing/control.lua: 900459546
   0.843 Checksum for script __more-infinite-research__/control.lua: 2723487020
   0.864 Info WindowsUDPSocket.cpp:61: Opening socket at port (34197)
   0.865 Info Router.cpp:594: Router state -> Connected
   0.865 Info Synchronizer.cpp:56: NetworkTick(0) initialized Synchronizer local peer(0) latency(6).
   0.865 Hosting game at port 34197, peerID 0, session magic 3083
   0.866 Info HttpSharedState.cpp:44: Downloading https://auth.factorio.com/generate-server-padlock
