   0.001 2026-07-13 09:05:50; Factorio 0.15.40 (build 30950, win64, alpha)
   0.001 Operating system: Windows 10 (build 19045)
   0.001 Not rotating logs.
   0.001 Program arguments: "D:\Programs\Factorio\0.15\bin\x64\factorio.exe" "--config" "C:\Projects\Factorio\more-infinite-research-tmp-0.15\artifacts\old-wave\1.5.0\config-reload.ini" "--no-log-rotation" "--disable-audio" "--mod-directory" "C:\Projects\Factorio\more-infinite-research-tmp-0.15\artifacts\old-wave\1.5.0\mods" "--start-server" "C:\Projects\Factorio\more-infinite-research-tmp-0.15\artifacts\old-wave\1.5.0\fresh-1.5.0.zip"
   0.002 Read data path: D:/Programs/Factorio/0.15/data
   0.002 Write data path: C:/Projects/Factorio/more-infinite-research-tmp-0.15/artifacts/old-wave/1.5.0/user-reload
   0.002 Binaries path: D:/Programs/Factorio/0.15/bin
   0.010 System info: [CPU: Intel(R) Core(TM) i7-7700HQ CPU @ 2.80GHz, 8 cores, RAM: 16257MB]
   0.010 Running in headless mode
   0.016 Loading mod settings more-infinite-research 1.5.0 (settings.lua)
   0.027 Loading mod core 0.0.0 (data.lua)
   0.033 Loading mod base 0.15.40 (data.lua)
   0.131 Loading mod more-infinite-research 1.5.0 (data.lua)
   0.157 Loading mod base 0.15.40 (data-updates.lua)
   0.180 Loading mod more-infinite-research 1.5.0 (data-updates.lua)
   0.212 Loading mod more-infinite-research 1.5.0 (data-final-fixes.lua)
   0.227 Script @__more-infinite-research__/prototypes/mir/planner/stream_compiler.lua:117: [more-infinite-research] Skipping stream research_cannon_shooting_speed because missing required technology weapon-shooting-speed-5.
   0.228 Script @__more-infinite-research__/prototypes/mir/planner/direct_effects.lua:15: [more-infinite-research] Skipping unsupported technology effect for research_character_crafting_speed: character-crafting-speed
   0.228 Script @__more-infinite-research__/prototypes/mir/planner/stream_compiler.lua:134: [more-infinite-research] Skipping stream research_character_crafting_speed because no available direct effects remain.
   0.228 Script @__more-infinite-research__/prototypes/mir/planner/direct_effects.lua:15: [more-infinite-research] Skipping unsupported technology effect for research_character_mining_speed: character-mining-speed
   0.229 Script @__more-infinite-research__/prototypes/mir/planner/stream_compiler.lua:134: [more-infinite-research] Skipping stream research_character_mining_speed because no available direct effects remain.
   0.229 Script @__more-infinite-research__/prototypes/mir/planner/direct_effects.lua:15: [more-infinite-research] Skipping unsupported technology effect for research_character_reach: character-reach-distance
   0.229 Script @__more-infinite-research__/prototypes/mir/planner/direct_effects.lua:15: [more-infinite-research] Skipping unsupported technology effect for research_character_reach: character-build-distance
   0.230 Script @__more-infinite-research__/prototypes/mir/planner/direct_effects.lua:15: [more-infinite-research] Skipping unsupported technology effect for research_character_reach: character-resource-reach-distance
   0.230 Script @__more-infinite-research__/prototypes/mir/planner/direct_effects.lua:15: [more-infinite-research] Skipping unsupported technology effect for research_character_reach: character-item-drop-distance
   0.230 Script @__more-infinite-research__/prototypes/mir/planner/stream_compiler.lua:134: [more-infinite-research] Skipping stream research_character_reach because no available direct effects remain.
   0.230 Script @__more-infinite-research__/prototypes/mir/planner/direct_effects.lua:15: [more-infinite-research] Skipping unsupported technology effect for research_character_walking_speed: character-running-speed
   0.231 Script @__more-infinite-research__/prototypes/mir/planner/stream_compiler.lua:134: [more-infinite-research] Skipping stream research_character_walking_speed because no available direct effects remain.
   0.233 Script @__more-infinite-research__/prototypes/mir/planner/direct_effects.lua:15: [more-infinite-research] Skipping unsupported technology effect for research_inventory_capacity: character-inventory-slots-bonus
   0.233 Script @__more-infinite-research__/prototypes/mir/planner/direct_effects.lua:15: [more-infinite-research] Skipping unsupported technology effect for research_inventory_capacity: character-logistic-trash-slots
   0.234 Script @__more-infinite-research__/prototypes/mir/planner/stream_compiler.lua:134: [more-infinite-research] Skipping stream research_inventory_capacity because no available direct effects remain.
   0.234 Script @__more-infinite-research__/prototypes/mir/planner/direct_effects.lua:15: [more-infinite-research] Skipping unsupported technology effect for research_lab_productivity: laboratory-productivity
   0.234 Script @__more-infinite-research__/prototypes/mir/planner/stream_compiler.lua:134: [more-infinite-research] Skipping stream research_lab_productivity because no available direct effects remain.
   0.235 Script @__more-infinite-research__/prototypes/mir/planner/direct_effects.lua:15: [more-infinite-research] Skipping unsupported technology effect for research_robot_battery: worker-robot-battery
   0.235 Script @__more-infinite-research__/prototypes/mir/planner/stream_compiler.lua:134: [more-infinite-research] Skipping stream research_robot_battery because no available direct effects remain.
   0.269 Checksum for core: 3865022077
   0.270 Checksum of base: 1503927233
   0.270 Checksum of more-infinite-research: 3817387064
   0.379 Info PlayerData.cpp:60: Local player-data.json unavailable
   0.379 Info PlayerData.cpp:65: Cloud player-data.json unavailable
   0.381 Info GlobalContext.cpp:939: Resetting config.
   0.382 Custom inputs active: 0
   0.382 Factorio initialised
   0.383 Info ServerSynchronizer.cpp:28: nextHeartbeatSequenceNumber(0) initialized Synchronizer nextTickClosureTick(0).
   0.383 Info ServerMultiplayerManager.cpp:671: mapTick(-1) changing state from(Ready) to(PreparedToHostGame)
   0.383 Info ServerMultiplayerManager.cpp:671: mapTick(-1) changing state from(PreparedToHostGame) to(CreatingGame)
   0.384 Loading map C:\Projects\Factorio\more-infinite-research-tmp-0.15\artifacts\old-wave\1.5.0\fresh-1.5.0.zip: 643801 bytes.
   0.441 Loading Level.dat: 928741 bytes.
   0.446 Info Scenario.cpp:135: Map version 0.15.40-0
   0.472 Info BlueprintLibrary.cpp:226: Loaded library shelves:
   0.473 Info BlueprintLibrary.cpp:794: Game shelf: playerIndex = 65535, nextRecordID = 0; timestamp = 1783897547; records:
   0.474 Info BlueprintLibrary.cpp:49: Loaded external blueprint storage: playerIndex = 65535, nextRecordID = 0; timestamp = 1783897550; records:
   0.476 Loading script.dat: 250 bytes.
   0.478 Checksum for script C:/Projects/Factorio/more-infinite-research-tmp-0.15/artifacts/old-wave/1.5.0/user-reload/temp/currently-playing/control.lua: 282129324
   0.480 Checksum for script __more-infinite-research__/control.lua: 3121553990
   0.482 Info UDPSocket.cpp:27: Opening socket at (0.0.0.0:34197)
   0.483 Hosting game at 0.0.0.0:34197
   0.483 Info HttpSharedState.cpp:44: Downloading https://auth.factorio.com/generate-server-padlock-2
   0.915 Info HttpSharedState.cpp:111: Status code: 200
   0.915 Info AuthServerConnector.cpp:108: Obtained serverPadlock for serverHash (Im1fSGkGASIGgzc87wqFV9r8Sh1VgsKm) from the auth server.
   0.915 Info ServerMultiplayerManager.cpp:671: mapTick(0) changing state from(CreatingGame) to(InGame)
