   0.001 2026-07-13 08:43:41; Factorio 0.17.79 (build 47865, win64, alpha)
   0.001 Operating system: Windows 10 (build 19045)
   0.001 Not rotating logs.
   0.001 Program arguments: "D:\Programs\Factorio\0.17\bin\x64\factorio.exe" "--config" "C:\Projects\Factorio\more-infinite-research-tmp-0.17\artifacts\old-wave\1.7.1\config-upgrade-create.ini" "--no-log-rotation" "--disable-audio" "--mod-directory" "C:\Projects\Factorio\more-infinite-research-tmp-0.17\artifacts\old-wave\1.7.1\upgrade-mods" "--create" "C:\Projects\Factorio\more-infinite-research-tmp-0.17\artifacts\old-wave\1.7.1\upgrade-from-1.7.0.zip"
   0.002 Read data path: D:/Programs/Factorio/0.17/data
   0.002 Write data path: C:/Projects/Factorio/more-infinite-research-tmp-0.17/artifacts/old-wave/1.7.1/user-upgrade-create [18497/450559MB]
   0.002 Binaries path: D:/Programs/Factorio/0.17/bin
   0.010 System info: [CPU: Intel(R) Core(TM) i7-7700HQ CPU @ 2.80GHz, 8 cores, RAM: 9630/16257 MB, page: 15097/18739 MB, virtual: 4247/134217727 MB, extended virtual: 0 MB]
   0.010 Running in headless mode
   0.029 Loading mod settings more-infinite-research 1.7.0 (settings.lua)
   0.045 Loading mod core 0.0.0 (data.lua)
   0.105 Loading mod base 0.17.79 (data.lua)
   0.368 Loading mod more-infinite-research 1.7.0 (data.lua)
   0.502 Loading mod base 0.17.79 (data-updates.lua)
   0.624 Loading mod more-infinite-research 1.7.0 (data-updates.lua)
   0.753 Loading mod more-infinite-research 1.7.0 (data-final-fixes.lua)
   0.901 Checksum for core: 2035938594
   0.901 Checksum of base: 4156627525
   0.901 Checksum of more-infinite-research: 1664114996
   1.077 Prototype list checksum: 1500841871
   1.114 Info PlayerData.cpp:70: Local player-data.json unavailable
   1.114 Info PlayerData.cpp:75: Cloud player-data.json unavailable
   1.116 Info GlobalContext.cpp:1199: Resetting config.
   1.117 Factorio initialised
   1.118 Info Main.cpp:1029: Creating new map C:\Projects\Factorio\more-infinite-research-tmp-0.17\artifacts\old-wave\1.7.1\upgrade-from-1.7.0.zip
   1.836 Loading level.dat: 991620 bytes.
   1.836 Info Scenario.cpp:187: Map version 0.17.79-0
   1.866 Checksum for script C:/Projects/Factorio/more-infinite-research-tmp-0.17/artifacts/old-wave/1.7.1/user-upgrade-create/temp/currently-playing/control.lua: 3265260072
   1.868 Checksum for script __more-infinite-research__/control.lua: 3769129508
   2.081 Goodbye
