   0.001 2026-07-13 08:43:39; Factorio 0.17.79 (build 47865, win64, alpha)
   0.002 Operating system: Windows 10 (build 19045)
   0.002 Program arguments: "D:\Programs\Factorio\0.17\bin\x64\factorio.exe" "--config" "C:\Projects\Factorio\more-infinite-research-tmp-0.17\artifacts\old-wave\1.7.1\config-fresh-reload.ini" "--no-log-rotation" "--disable-audio" "--mod-directory" "C:\Projects\Factorio\more-infinite-research-tmp-0.17\artifacts\old-wave\1.7.1\fresh-mods" "--benchmark" "C:\Projects\Factorio\more-infinite-research-tmp-0.17\artifacts\old-wave\1.7.1\fresh-1.7.1.zip" "--benchmark-ticks" "1" "--benchmark-runs" "1"
   0.002 Read data path: D:/Programs/Factorio/0.17/data
   0.002 Write data path: C:/Projects/Factorio/more-infinite-research-tmp-0.17/artifacts/old-wave/1.7.1/user-fresh-reload [18498/450559MB]
   0.002 Binaries path: D:/Programs/Factorio/0.17/bin
   0.011 System info: [CPU: Intel(R) Core(TM) i7-7700HQ CPU @ 2.80GHz, 8 cores, RAM: 9591/16257 MB, page: 15067/18739 MB, virtual: 4247/134217727 MB, extended virtual: 0 MB]
   0.011 Running in headless mode
   0.018 Loading mod settings more-infinite-research 1.7.1 (settings.lua)
   0.028 Loading mod core 0.0.0 (data.lua)
   0.099 Loading mod base 0.17.79 (data.lua)
   0.354 Loading mod more-infinite-research 1.7.1 (data.lua)
   0.516 Loading mod base 0.17.79 (data-updates.lua)
   0.679 Loading mod more-infinite-research 1.7.1 (data-updates.lua)
   0.804 Loading mod more-infinite-research 1.7.1 (data-final-fixes.lua)
   0.974 Checksum for core: 2035938594
   0.974 Checksum of base: 4156627525
   0.974 Checksum of more-infinite-research: 2958803276
   1.231 Prototype list checksum: 1500841871
   1.282 Info PlayerData.cpp:70: Local player-data.json unavailable
   1.282 Info PlayerData.cpp:75: Cloud player-data.json unavailable
   1.283 Info GlobalContext.cpp:1199: Resetting config.
   1.284 Factorio initialised
   1.285 Loading map C:\Projects\Factorio\more-infinite-research-tmp-0.17\artifacts\old-wave\1.7.1\fresh-1.7.1.zip: 714296 bytes.
   1.403 Loading level.dat: 1141609 bytes.
   1.410 Info Scenario.cpp:187: Map version 0.17.79-0
   1.437 Loading script.dat: 383 bytes.
   1.441 Checksum for script C:/Projects/Factorio/more-infinite-research-tmp-0.17/artifacts/old-wave/1.7.1/user-fresh-reload/temp/currently-playing/control.lua: 3265260072
   1.443 Checksum for script __more-infinite-research__/control.lua: 3769129508
   1.519 Goodbye
