   0.001 2026-07-13 08:37:30; Factorio 1.0.0 (build 54889, win64, alpha)
   0.001 Operating system: Windows 10 (build 19045)
   0.001 Not rotating logs.
   0.001 Program arguments: "D:\Programs\Factorio\1.0\bin\x64\factorio.exe" "--config" "C:\Projects\Factorio\more-infinite-research-old-wave\artifacts\old-wave\1.8.2\config-upgrade-create.ini" "--no-log-rotation" "--disable-audio" "--mod-directory" "C:\Projects\Factorio\more-infinite-research-old-wave\artifacts\old-wave\1.8.2\upgrade-mods" "--create" "C:\Projects\Factorio\more-infinite-research-old-wave\artifacts\old-wave\1.8.2\upgrade-from-1.8.1.zip"
   0.002 Read data path: D:/Programs/Factorio/1.0/data
   0.002 Write data path: C:/Projects/Factorio/more-infinite-research-old-wave/artifacts/old-wave/1.8.2/user-upgrade-create [18524/450559MB]
   0.002 Binaries path: D:/Programs/Factorio/1.0/bin
   0.014 System info: [CPU: Intel(R) Core(TM) i7-7700HQ CPU @ 2.80GHz, 8 cores, RAM: 9473/16257 MB, page: 14983/18739 MB, virtual: 4251/134217727 MB, extended virtual: 0 MB]
   0.014 Running in headless mode
   0.038 Loading mod settings more-infinite-research 1.8.1 (settings.lua)
   0.052 Loading mod core 0.0.0 (data.lua)
   0.121 Loading mod base 1.0.0 (data.lua)
   0.517 Loading mod more-infinite-research 1.8.1 (data.lua)
   0.678 Loading mod base 1.0.0 (data-updates.lua)
   0.839 Loading mod more-infinite-research 1.8.1 (data-updates.lua)
   0.995 Loading mod more-infinite-research 1.8.1 (data-final-fixes.lua)
   1.178 Checksum for core: 2630831588
   1.178 Checksum of base: 3509992273
   1.178 Checksum of more-infinite-research: 1236945756
   1.372 Prototype list checksum: 278186799
   1.421 Info PlayerData.cpp:68: Local player-data.json available, timestamp 1783895817
   1.421 Info PlayerData.cpp:75: Cloud player-data.json unavailable
   1.423 Info GlobalContext.cpp:1269: Resetting config.
   1.425 Factorio initialised
   1.426 Info Main.cpp:724: Creating new map C:\Projects\Factorio\more-infinite-research-old-wave\artifacts\old-wave\1.8.2\upgrade-from-1.8.1.zip
   2.091 Loading level.dat: 1034779 bytes.
   2.092 Info Scenario.cpp:187: Map version 1.0.0-0
   2.116 Checksum for script C:/Projects/Factorio/more-infinite-research-old-wave/artifacts/old-wave/1.8.2/user-upgrade-create/temp/currently-playing/control.lua: 3931528263
   2.117 Checksum for script __more-infinite-research__/control.lua: 2502456788
   2.358 Goodbye
