   0.002 2026-07-13 08:37:32; Factorio 1.0.0 (build 54889, win64, alpha)
   0.002 Operating system: Windows 10 (build 19045)
   0.002 Program arguments: "D:\Programs\Factorio\1.0\bin\x64\factorio.exe" "--config" "C:\Projects\Factorio\more-infinite-research-old-wave\artifacts\old-wave\1.8.2\config-upgrade-load.ini" "--no-log-rotation" "--disable-audio" "--mod-directory" "C:\Projects\Factorio\more-infinite-research-old-wave\artifacts\old-wave\1.8.2\upgrade-mods" "--benchmark" "C:\Projects\Factorio\more-infinite-research-old-wave\artifacts\old-wave\1.8.2\upgrade-from-1.8.1.zip" "--benchmark-ticks" "1" "--benchmark-runs" "1"
   0.003 Read data path: D:/Programs/Factorio/1.0/data
   0.003 Write data path: C:/Projects/Factorio/more-infinite-research-old-wave/artifacts/old-wave/1.8.2/user-upgrade-load [18524/450559MB]
   0.003 Binaries path: D:/Programs/Factorio/1.0/bin
   0.012 System info: [CPU: Intel(R) Core(TM) i7-7700HQ CPU @ 2.80GHz, 8 cores, RAM: 9501/16257 MB, page: 14996/18739 MB, virtual: 4251/134217727 MB, extended virtual: 0 MB]
   0.012 Running in headless mode
   0.030 Loading mod settings more-infinite-research 1.8.2 (settings.lua)
   0.039 Loading mod core 0.0.0 (data.lua)
   0.111 Loading mod base 1.0.0 (data.lua)
   0.453 Loading mod more-infinite-research 1.8.2 (data.lua)
   0.622 Loading mod base 1.0.0 (data-updates.lua)
   0.781 Loading mod more-infinite-research 1.8.2 (data-updates.lua)
   0.945 Loading mod more-infinite-research 1.8.2 (data-final-fixes.lua)
   1.244 Checksum for core: 2630831588
   1.244 Checksum of base: 3509992273
   1.244 Checksum of more-infinite-research: 4159975746
   1.436 Prototype list checksum: 278186799
   1.494 Info PlayerData.cpp:68: Local player-data.json available, timestamp 1783895819
   1.494 Info PlayerData.cpp:75: Cloud player-data.json unavailable
   1.496 Info GlobalContext.cpp:1269: Resetting config.
   1.497 Factorio initialised
   1.498 Loading map C:\Projects\Factorio\more-infinite-research-old-wave\artifacts\old-wave\1.8.2\upgrade-from-1.8.1.zip: 573803 bytes.
   1.603 Loading level.dat: 1034830 bytes.
   1.608 Info Scenario.cpp:187: Map version 1.0.0-0
   1.668 Loading script.dat: 456 bytes.
   1.675 Checksum for script C:/Projects/Factorio/more-infinite-research-old-wave/artifacts/old-wave/1.8.2/user-upgrade-load/temp/currently-playing/control.lua: 3931528263
   1.676 Checksum for script __more-infinite-research__/control.lua: 1578769891
   1.759 Goodbye
