   0.001 2026-07-13 08:36:53; Factorio 1.0.0 (build 54889, win64, alpha)
   0.001 Operating system: Windows 10 (build 19045)
   0.002 Program arguments: "D:\Programs\Factorio\1.0\bin\x64\factorio.exe" "--config" "C:\Projects\Factorio\more-infinite-research-old-wave\artifacts\old-wave\1.8.2\config-fresh-reload.ini" "--no-log-rotation" "--disable-audio" "--mod-directory" "C:\Projects\Factorio\more-infinite-research-old-wave\artifacts\old-wave\1.8.2\fresh-mods" "--benchmark" "C:\Projects\Factorio\more-infinite-research-old-wave\artifacts\old-wave\1.8.2\fresh-1.8.2.zip" "--benchmark-ticks" "1" "--benchmark-runs" "1"
   0.002 Read data path: D:/Programs/Factorio/1.0/data
   0.002 Write data path: C:/Projects/Factorio/more-infinite-research-old-wave/artifacts/old-wave/1.8.2/user-fresh-reload [18525/450559MB]
   0.002 Binaries path: D:/Programs/Factorio/1.0/bin
   0.010 System info: [CPU: Intel(R) Core(TM) i7-7700HQ CPU @ 2.80GHz, 8 cores, RAM: 9530/16257 MB, page: 14996/18739 MB, virtual: 4251/134217727 MB, extended virtual: 0 MB]
   0.010 Running in headless mode
   0.015 Loading mod settings more-infinite-research 1.8.2 (settings.lua)
   0.026 Loading mod core 0.0.0 (data.lua)
   0.089 Loading mod base 1.0.0 (data.lua)
   0.435 Loading mod more-infinite-research 1.8.2 (data.lua)
   0.604 Loading mod base 1.0.0 (data-updates.lua)
   0.780 Loading mod more-infinite-research 1.8.2 (data-updates.lua)
   0.957 Loading mod more-infinite-research 1.8.2 (data-final-fixes.lua)
   1.233 Checksum for core: 2630831588
   1.233 Checksum of base: 3509992273
   1.233 Checksum of more-infinite-research: 4159975746
   1.447 Prototype list checksum: 278186799
   1.506 Info PlayerData.cpp:70: Local player-data.json unavailable
   1.506 Info PlayerData.cpp:75: Cloud player-data.json unavailable
   1.508 Info GlobalContext.cpp:1269: Resetting config.
   1.509 Factorio initialised
   1.510 Loading map C:\Projects\Factorio\more-infinite-research-old-wave\artifacts\old-wave\1.8.2\fresh-1.8.2.zip: 753845 bytes.
   1.640 Loading level.dat: 1218720 bytes.
   1.647 Info Scenario.cpp:187: Map version 1.0.0-0
   1.673 Loading script.dat: 456 bytes.
   1.679 Checksum for script C:/Projects/Factorio/more-infinite-research-old-wave/artifacts/old-wave/1.8.2/user-fresh-reload/temp/currently-playing/control.lua: 3931528263
   1.681 Checksum for script __more-infinite-research__/control.lua: 1578769891
   1.825 Goodbye
