   0.001 2026-07-12 12:48:34; Factorio 1.1.110 (build 62357, win64, full)
   0.001 Operating system: Windows 10 (build 19045) 
   0.002 Not rotating logs.
   0.002 Program arguments: "D:\Programs\Factorio\1.1\bin\x64\factorio.exe" "--config" "C:\Projects\Factorio\more-infinite-research-old-wave\artifacts\old-wave\1.9.4\config-prior-proof.ini" "--no-log-rotation" "--disable-audio" "--mod-directory" "C:\Projects\Factorio\more-infinite-research-old-wave\artifacts\old-wave\1.9.4\prior-proof-mods" "--create" "C:\Projects\Factorio\more-infinite-research-old-wave\artifacts\old-wave\1.9.4\upgrade-proof-from-1.9.3.zip" 
   0.002 Config path: C:/Projects/Factorio/more-infinite-research-old-wave/artifacts/old-wave/1.9.4/config-prior-proof.ini
   0.002 Read data path: D:/Programs/Factorio/1.1/data
   0.002 Write data path: C:/Projects/Factorio/more-infinite-research-old-wave/artifacts/old-wave/1.9.4/user-prior-proof [15557/450559MB]
   0.002 Binaries path: D:/Programs/Factorio/1.1/bin
   0.011 System info: [CPU: Intel(R) Core(TM) i7-7700HQ CPU @ 2.80GHz, 8 cores, RAM: 10763/16257 MB, page: 16333/20227 MB, virtual: 4257/134217727 MB, extended virtual: 0 MB]
   0.032 Memory info:
   0.032  [0]: 066D TN48G24S817-VHA/R 8192 MB 2400 MHz 1.2 v
   0.032  [1]: 066D TN48G24S817-VHA/R 8192 MB 2400 MHz 1.2 v
   0.033 Running in headless mode
   0.054 Loading mod settings more-infinite-research 1.9.3 (settings.lua)
   0.064 Loading mod core 0.0.0 (data.lua)
   0.092 Loading mod base 1.1.110 (data.lua)
   0.333 Loading mod more-infinite-research 1.9.3 (data.lua)
   0.349 Loading mod base 1.1.110 (data-updates.lua)
   0.367 Loading mod more-infinite-research 1.9.3 (data-updates.lua)
   0.379 Loading mod more-infinite-research 1.9.3 (data-final-fixes.lua)
   0.414 Script @__more-infinite-research__/prototypes/mir/planner/direct_effects.lua:17: [more-infinite-research] Skipping unavailable gun-speed effect for research_electric_shooting_speed: missing ammo category tesla
   0.630 Checksum for core: 607699937
   0.630 Checksum of base: 2464433227
   0.630 Checksum of more-infinite-research: 154498904
   0.857 Prototype list checksum: 1221069375
   0.921 Info PlayerData.cpp:78: Local player-data.json unavailable
   0.921 Info PlayerData.cpp:83: Cloud player-data.json unavailable
   0.923 Info GlobalContext.cpp:1317: Resetting config.
   0.923 Factorio initialised
   0.924 Info Main.cpp:787: Creating new map C:\Projects\Factorio\more-infinite-research-old-wave\artifacts\old-wave\1.9.4\upgrade-proof-from-1.9.3.zip
   1.681 Loading level.dat: 1170158 bytes.
   1.682 Info Scenario.cpp:204: Map version 1.1.110-0
   1.717 Checksum for script C:/Projects/Factorio/more-infinite-research-old-wave/artifacts/old-wave/1.9.4/user-prior-proof/temp/currently-playing/control.lua: 3702463597
   1.719 Checksum for script __more-infinite-research__/control.lua: 3126454266
   2.028 Goodbye
