   0.001 2026-07-12 12:41:42; Factorio 1.1.110 (build 62357, win64, full)
   0.002 Operating system: Windows 10 (build 19045) 
   0.002 Not rotating logs.
   0.002 Program arguments: "D:\Programs\Factorio\1.1\bin\x64\factorio.exe" "--config" "C:\Projects\Factorio\more-infinite-research-old-wave\artifacts\old-wave\1.9.4\config.ini" "--no-log-rotation" "--disable-audio" "--mod-directory" "C:\Projects\Factorio\more-infinite-research-old-wave\artifacts\old-wave\1.9.4\fresh-mods" "--create" "C:\Projects\Factorio\more-infinite-research-old-wave\artifacts\old-wave\1.9.4\fresh-1.9.4.zip" 
   0.002 Config path: C:/Projects/Factorio/more-infinite-research-old-wave/artifacts/old-wave/1.9.4/config.ini
   0.002 Read data path: D:/Programs/Factorio/1.1/data
   0.002 Write data path: C:/Projects/Factorio/more-infinite-research-old-wave/artifacts/old-wave/1.9.4/user [15561/450559MB]
   0.002 Binaries path: D:/Programs/Factorio/1.1/bin
   0.010 System info: [CPU: Intel(R) Core(TM) i7-7700HQ CPU @ 2.80GHz, 8 cores, RAM: 10681/16257 MB, page: 16254/20227 MB, virtual: 4257/134217727 MB, extended virtual: 0 MB]
   0.029 Memory info:
   0.029  [0]: 066D TN48G24S817-VHA/R 8192 MB 2400 MHz 1.2 v
   0.029  [1]: 066D TN48G24S817-VHA/R 8192 MB 2400 MHz 1.2 v
   0.031 Running in headless mode
   0.050 Loading mod settings more-infinite-research 1.9.4 (settings.lua)
   0.060 Loading mod core 0.0.0 (data.lua)
   0.087 Loading mod base 1.1.110 (data.lua)
   0.341 Loading mod more-infinite-research 1.9.4 (data.lua)
   0.358 Loading mod base 1.1.110 (data-updates.lua)
   0.371 Loading mod more-infinite-research 1.9.4 (data-updates.lua)
   0.384 Loading mod more-infinite-research 1.9.4 (data-final-fixes.lua)
   0.419 Script @__more-infinite-research__/prototypes/mir/planner/direct_effects.lua:17: [more-infinite-research] Skipping unavailable gun-speed effect for research_electric_shooting_speed: missing ammo category tesla
   0.749 Checksum for core: 607699937
   0.749 Checksum of base: 2464433227
   0.749 Checksum of more-infinite-research: 2240444246
   0.952 Prototype list checksum: 1221069375
   1.010 Info PlayerData.cpp:78: Local player-data.json unavailable
   1.010 Info PlayerData.cpp:83: Cloud player-data.json unavailable
   1.011 Info GlobalContext.cpp:1317: Resetting config.
   1.012 Factorio initialised
   1.012 Info Main.cpp:787: Creating new map C:\Projects\Factorio\more-infinite-research-old-wave\artifacts\old-wave\1.9.4\fresh-1.9.4.zip
   1.762 Loading level.dat: 1004588 bytes.
   1.762 Info Scenario.cpp:204: Map version 1.1.110-0
   1.791 Checksum for script C:/Projects/Factorio/more-infinite-research-old-wave/artifacts/old-wave/1.9.4/user/temp/currently-playing/control.lua: 3702463597
   1.793 Checksum for script __more-infinite-research__/control.lua: 1368249708
   2.076 Goodbye
