   0.001 2026-07-12 12:45:58; Factorio 1.1.110 (build 62357, win64, full)
   0.002 Operating system: Windows 10 (build 19045) 
   0.002 Program arguments: "D:\Programs\Factorio\1.1\bin\x64\factorio.exe" "--config" "C:\Projects\Factorio\more-infinite-research-old-wave\artifacts\old-wave\1.9.4\config-fresh-reload-clean.ini" "--no-log-rotation" "--disable-audio" "--mod-directory" "C:\Projects\Factorio\more-infinite-research-old-wave\artifacts\old-wave\1.9.4\fresh-mods" "--benchmark" "C:\Projects\Factorio\more-infinite-research-old-wave\artifacts\old-wave\1.9.4\fresh-1.9.4.zip" "--benchmark-ticks" "1" "--benchmark-runs" "1" 
   0.002 Config path: C:/Projects/Factorio/more-infinite-research-old-wave/artifacts/old-wave/1.9.4/config-fresh-reload-clean.ini
   0.002 Read data path: D:/Programs/Factorio/1.1/data
   0.002 Write data path: C:/Projects/Factorio/more-infinite-research-old-wave/artifacts/old-wave/1.9.4/user-fresh-reload-clean [15557/450559MB]
   0.002 Binaries path: D:/Programs/Factorio/1.1/bin
   0.011 System info: [CPU: Intel(R) Core(TM) i7-7700HQ CPU @ 2.80GHz, 8 cores, RAM: 10557/16257 MB, page: 16308/20227 MB, virtual: 4257/134217727 MB, extended virtual: 0 MB]
   0.028 Memory info:
   0.028  [0]: 066D TN48G24S817-VHA/R 8192 MB 2400 MHz 1.2 v
   0.028  [1]: 066D TN48G24S817-VHA/R 8192 MB 2400 MHz 1.2 v
   0.029 Running in headless mode
   0.037 Loading mod settings more-infinite-research 1.9.4 (settings.lua)
   0.046 Loading mod core 0.0.0 (data.lua)
   0.072 Loading mod base 1.1.110 (data.lua)
   0.309 Loading mod more-infinite-research 1.9.4 (data.lua)
   0.323 Loading mod base 1.1.110 (data-updates.lua)
   0.334 Loading mod more-infinite-research 1.9.4 (data-updates.lua)
   0.346 Loading mod more-infinite-research 1.9.4 (data-final-fixes.lua)
   0.381 Script @__more-infinite-research__/prototypes/mir/planner/direct_effects.lua:17: [more-infinite-research] Skipping unavailable gun-speed effect for research_electric_shooting_speed: missing ammo category tesla
   0.577 Checksum for core: 607699937
   0.577 Checksum of base: 2464433227
   0.577 Checksum of more-infinite-research: 2240444246
   0.870 Prototype list checksum: 1221069375
   0.988 Info PlayerData.cpp:78: Local player-data.json unavailable
   0.988 Info PlayerData.cpp:83: Cloud player-data.json unavailable
   0.990 Info GlobalContext.cpp:1317: Resetting config.
   0.990 Factorio initialised
   0.991 Loading map C:\Projects\Factorio\more-infinite-research-old-wave\artifacts\old-wave\1.9.4\fresh-1.9.4.zip: 575577 bytes.
   1.125 Loading level.dat: 1004639 bytes.
   1.129 Info Scenario.cpp:204: Map version 1.1.110-0
   1.146 Loading script.dat: 1211 bytes.
   1.152 Checksum for script C:/Projects/Factorio/more-infinite-research-old-wave/artifacts/old-wave/1.9.4/user-fresh-reload-clean/temp/currently-playing/control.lua: 3702463597
   1.154 Checksum for script __more-infinite-research__/control.lua: 1368249708
   1.232 Goodbye
